<?xml version="1.0" encoding="UTF-8"?>
<testsuite name="org.layton.SpringBootThymeleaf.SpringBootThymeleafApplicationTests" tests="1" skipped="0" failures="0" errors="0" timestamp="2021-04-17T15:37:12" hostname="darkstar1" time="0.19">
  <properties/>
  <testcase name="contextLoads()" classname="org.layton.SpringBootThymeleaf.SpringBootThymeleafApplicationTests" time="0.19"/>
  <system-out><![CDATA[17:37:10.064 [Test worker] DEBUG org.springframework.test.context.BootstrapUtils - Instantiating CacheAwareContextLoaderDelegate from class [org.springframework.test.context.cache.DefaultCacheAwareContextLoaderDelegate]
17:37:10.073 [Test worker] DEBUG org.springframework.test.context.BootstrapUtils - Instantiating BootstrapContext using constructor [public org.springframework.test.context.support.DefaultBootstrapContext(java.lang.Class,org.springframework.test.context.CacheAwareContextLoaderDelegate)]
17:37:10.105 [Test worker] DEBUG org.springframework.test.context.BootstrapUtils - Instantiating TestContextBootstrapper for test class [org.layton.SpringBootThymeleaf.SpringBootThymeleafApplicationTests] from class [org.springframework.boot.test.context.SpringBootTestContextBootstrapper]
17:37:10.119 [Test worker] INFO org.springframework.boot.test.context.SpringBootTestContextBootstrapper - Neither @ContextConfiguration nor @ContextHierarchy found for test class [org.layton.SpringBootThymeleaf.SpringBootThymeleafApplicationTests], using SpringBootContextLoader
17:37:10.123 [Test worker] DEBUG org.springframework.test.context.support.AbstractContextLoader - Did not detect default resource location for test class [org.layton.SpringBootThymeleaf.SpringBootThymeleafApplicationTests]: class path resource [org/layton/SpringBootThymeleaf/SpringBootThymeleafApplicationTests-context.xml] does not exist
17:37:10.123 [Test worker] DEBUG org.springframework.test.context.support.AbstractContextLoader - Did not detect default resource location for test class [org.layton.SpringBootThymeleaf.SpringBootThymeleafApplicationTests]: class path resource [org/layton/SpringBootThymeleaf/SpringBootThymeleafApplicationTestsContext.groovy] does not exist
17:37:10.124 [Test worker] INFO org.springframework.test.context.support.AbstractContextLoader - Could not detect default resource locations for test class [org.layton.SpringBootThymeleaf.SpringBootThymeleafApplicationTests]: no resource found for suffixes {-context.xml, Context.groovy}.
17:37:10.124 [Test worker] INFO org.springframework.test.context.support.AnnotationConfigContextLoaderUtils - Could not detect default configuration classes for test class [org.layton.SpringBootThymeleaf.SpringBootThymeleafApplicationTests]: SpringBootThymeleafApplicationTests does not declare any static, non-private, non-final, nested classes annotated with @Configuration.
17:37:10.159 [Test worker] DEBUG org.springframework.test.context.support.ActiveProfilesUtils - Could not find an 'annotation declaring class' for annotation type [org.springframework.test.context.ActiveProfiles] and class [org.layton.SpringBootThymeleaf.SpringBootThymeleafApplicationTests]
17:37:10.211 [Test worker] DEBUG org.springframework.context.annotation.ClassPathScanningCandidateComponentProvider - Identified candidate component class: file [/home/louis/Documents/programmes/SpringBootThymeleaf/build/classes/java/main/org/layton/SpringBootThymeleaf/SpringBootThymeleafApplication.class]
17:37:10.212 [Test worker] INFO org.springframework.boot.test.context.SpringBootTestContextBootstrapper - Found @SpringBootConfiguration org.layton.SpringBootThymeleaf.SpringBootThymeleafApplication for test class org.layton.SpringBootThymeleaf.SpringBootThymeleafApplicationTests
17:37:10.307 [Test worker] DEBUG org.springframework.boot.test.context.SpringBootTestContextBootstrapper - @TestExecutionListeners is not present for class [org.layton.SpringBootThymeleaf.SpringBootThymeleafApplicationTests]: using defaults.
17:37:10.308 [Test worker] INFO org.springframework.boot.test.context.SpringBootTestContextBootstrapper - Loaded default TestExecutionListener class names from location [META-INF/spring.factories]: [org.springframework.boot.test.autoconfigure.restdocs.RestDocsTestExecutionListener, org.springframework.boot.test.autoconfigure.web.client.MockRestServiceServerResetTestExecutionListener, org.springframework.boot.test.autoconfigure.web.servlet.MockMvcPrintOnlyOnFailureTestExecutionListener, org.springframework.boot.test.autoconfigure.web.servlet.WebDriverTestExecutionListener, org.springframework.boot.test.autoconfigure.webservices.client.MockWebServiceServerTestExecutionListener, org.springframework.boot.test.mock.mockito.MockitoTestExecutionListener, org.springframework.boot.test.mock.mockito.ResetMocksTestExecutionListener, org.springframework.test.context.web.ServletTestExecutionListener, org.springframework.test.context.support.DirtiesContextBeforeModesTestExecutionListener, org.springframework.test.context.event.ApplicationEventsTestExecutionListener, org.springframework.test.context.support.DependencyInjectionTestExecutionListener, org.springframework.test.context.support.DirtiesContextTestExecutionListener, org.springframework.test.context.transaction.TransactionalTestExecutionListener, org.springframework.test.context.jdbc.SqlScriptsTestExecutionListener, org.springframework.test.context.event.EventPublishingTestExecutionListener]
17:37:10.326 [Test worker] DEBUG org.springframework.boot.test.context.SpringBootTestContextBootstrapper - Skipping candidate TestExecutionListener [org.springframework.test.context.transaction.TransactionalTestExecutionListener] due to a missing dependency. Specify custom listener classes or make the default listener classes and their required dependencies available. Offending class: [org/springframework/transaction/TransactionDefinition]
17:37:10.327 [Test worker] DEBUG org.springframework.boot.test.context.SpringBootTestContextBootstrapper - Skipping candidate TestExecutionListener [org.springframework.test.context.jdbc.SqlScriptsTestExecutionListener] due to a missing dependency. Specify custom listener classes or make the default listener classes and their required dependencies available. Offending class: [org/springframework/transaction/interceptor/TransactionAttribute]
17:37:10.328 [Test worker] INFO org.springframework.boot.test.context.SpringBootTestContextBootstrapper - Using TestExecutionListeners: [org.springframework.test.context.web.ServletTestExecutionListener@45d36535, org.springframework.test.context.support.DirtiesContextBeforeModesTestExecutionListener@452a361a, org.springframework.test.context.event.ApplicationEventsTestExecutionListener@2a0504ad, org.springframework.boot.test.mock.mockito.MockitoTestExecutionListener@38289cd1, org.springframework.boot.test.autoconfigure.SpringBootDependencyInjectionTestExecutionListener@668cbc2c, org.springframework.test.context.support.DirtiesContextTestExecutionListener@7202dc01, org.springframework.test.context.event.EventPublishingTestExecutionListener@70208e80, org.springframework.boot.test.autoconfigure.restdocs.RestDocsTestExecutionListener@c124a41, org.springframework.boot.test.autoconfigure.web.client.MockRestServiceServerResetTestExecutionListener@ffcfa33, org.springframework.boot.test.autoconfigure.web.servlet.MockMvcPrintOnlyOnFailureTestExecutionListener@6bfadd19, org.springframework.boot.test.autoconfigure.web.servlet.WebDriverTestExecutionListener@1f5a0a68, org.springframework.boot.test.autoconfigure.webservices.client.MockWebServiceServerTestExecutionListener@1841b80, org.springframework.boot.test.mock.mockito.ResetMocksTestExecutionListener@69c154e1]
17:37:10.333 [Test worker] DEBUG org.springframework.test.context.support.AbstractDirtiesContextTestExecutionListener - Before test class: context [DefaultTestContext@2f63b6c5 testClass = SpringBootThymeleafApplicationTests, testInstance = [null], testMethod = [null], testException = [null], mergedContextConfiguration = [WebMergedContextConfiguration@61d12117 testClass = SpringBootThymeleafApplicationTests, locations = '{}', classes = '{class org.layton.SpringBootThymeleaf.SpringBootThymeleafApplication}', contextInitializerClasses = '[]', activeProfiles = '{}', propertySourceLocations = '{}', propertySourceProperties = '{org.springframework.boot.test.context.SpringBootTestContextBootstrapper=true}', contextCustomizers = set[org.springframework.boot.test.autoconfigure.actuate.metrics.MetricsExportContextCustomizerFactory$DisableMetricExportContextCustomizer@785d21e0, org.springframework.boot.test.autoconfigure.properties.PropertyMappingContextCustomizer@0, org.springframework.boot.test.autoconfigure.web.servlet.WebDriverContextCustomizerFactory$Customizer@42c3d315, org.springframework.boot.test.context.filter.ExcludeFilterContextCustomizer@1092f474, org.springframework.boot.test.json.DuplicateJsonObjectContextCustomizerFactory$DuplicateJsonObjectContextCustomizer@6a0c0988, org.springframework.boot.test.mock.mockito.MockitoContextCustomizer@0, org.springframework.boot.test.web.client.TestRestTemplateContextCustomizer@25e8dfda, org.springframework.boot.test.context.SpringBootTestArgs@1, org.springframework.boot.test.context.SpringBootTestWebEnvironment@354a06ad], resourceBasePath = 'src/main/webapp', contextLoader = 'org.springframework.boot.test.context.SpringBootContextLoader', parent = [null]], attributes = map['org.springframework.test.context.web.ServletTestExecutionListener.activateListener' -> true]], class annotated with @DirtiesContext [false] with mode [null].
17:37:10.366 [Test worker] DEBUG org.springframework.test.context.support.TestPropertySourceUtils - Adding inlined properties to environment: {spring.jmx.enabled=false, org.springframework.boot.test.context.SpringBootTestContextBootstrapper=true}

  .   ____          _            __ _ _
 /\\ / ___'_ __ _ _(_)_ __  __ _ \ \ \ \
( ( )\___ | '_ | '_| | '_ \/ _` | \ \ \ \
 \\/  ___)| |_)| | | | | || (_| |  ) ) ) )
  '  |____| .__|_| |_|_| |_\__, | / / / /
 =========|_|==============|___/=/_/_/_/
 :: Spring Boot ::                (v2.4.5)

2021-04-17 17:37:10.689  INFO 2507 --- [    Test worker] .l.S.SpringBootThymeleafApplicationTests : Starting SpringBootThymeleafApplicationTests using Java 1.8.0_282 on darkstar1 with PID 2507 (started by louis in /home/louis/Documents/programmes/SpringBootThymeleaf)
2021-04-17 17:37:10.693  INFO 2507 --- [    Test worker] .l.S.SpringBootThymeleafApplicationTests : No active profile set, falling back to default profiles: default
2021-04-17 17:37:11.712  INFO 2507 --- [    Test worker] o.s.s.concurrent.ThreadPoolTaskExecutor  : Initializing ExecutorService 'applicationTaskExecutor'
2021-04-17 17:37:11.812  INFO 2507 --- [    Test worker] o.s.b.a.w.s.WelcomePageHandlerMapping    : Adding welcome page template: index
2021-04-17 17:37:12.029  INFO 2507 --- [    Test worker] .l.S.SpringBootThymeleafApplicationTests : Started SpringBootThymeleafApplicationTests in 1.656 seconds (JVM running for 2.66)
]]></system-out>
  <system-err><![CDATA[]]></system-err>
</testsuite>
